Traceback (most recent call last):
  File "/Users/Ian/Documents/GitHub/Machine_Learning/tweet_analysis/add_tweets.py", line 12, in <module>
    cursor.execute("""
sqlite3.OperationalError: no such table: normal_tweets
Traceback (most recent call last):
  File "/Users/Ian/Documents/GitHub/Machine_Learning/tweet_analysis/add_tweets.py", line 12, in <module>
    cursor.execute("""
sqlite3.OperationalError: no such table: normal_tweets
Traceback (most recent call last):
  File "/Users/Ian/Documents/GitHub/Machine_Learning/tweet_analysis/add_tweets.py", line 12, in <module>
    cursor.execute("""
sqlite3.OperationalError: no such table: normal_tweets
<sqlite3.Connection object at 0x1083e2c60>
Traceback (most recent call last):
  File "/Users/Ian/Documents/GitHub/Machine_Learning/tweet_analysis/add_tweets.py", line 17, in <module>
    cursor.execute("""
sqlite3.OperationalError: no such table: normal_tweets
Traceback (most recent call last):
  File "/Users/Ian/Documents/GitHub/Machine_Learning/tweet_analysis/add_tweets.py", line 17, in <module>
    cursor.execute("""
sqlite3.OperationalError: no such table: normal_tweets
Traceback (most recent call last):
  File "/Users/Ian/Documents/GitHub/Machine_Learning/tweet_analysis/add_tweets.py", line 16, in <module>
    cursor.execute("""
sqlite3.OperationalError: no such table: normal_tweets
Traceback (most recent call last):
  File "/Users/Ian/Documents/GitHub/Machine_Learning/tweet_analysis/add_tweets.py", line 16, in <module>
    cursor.execute("""
sqlite3.OperationalError: no such table: normal_tweets
Traceback (most recent call last):
  File "/Users/Ian/Documents/GitHub/Machine_Learning/tweet_analysis/add_tweets.py", line 16, in <module>
    cursor.execute("""
sqlite3.OperationalError: no such table: normal_tweets
[]
[('tweets_btc',), ('verified_tweets',), ('normal_tweets',)]
Added 0 normal tweets and 10 verified tweets
{'author_id': '32318850', 'text': 'RT @Antmantime: Another Bitcoin video for the Bitcoin haters to try and hide', 'id': '1368037097349783552', 'created_at': '2021-03-06T03:13:55.000Z'}
Added 1 verified tweets and 9 normal tweets
Added 0 verified tweets and 10 normal tweets
Added 0 verified tweets and 10 normal tweets
Added 0 verified tweets and 10 normal tweets
Added 0 verified tweets and 10 normal tweets
Added 0 verified tweets and 10 normal tweets
Added 0 verified tweets and 10 normal tweets
Added 0 verified tweets and 10 normal tweets
Added 0 verified tweets and 10 normal tweets
Added 0 verified tweets and 10 normal tweets
Added 0 verified tweets and 10 normal tweets
Added 0 verified tweets and 10 normal tweets
Added 0 verified tweets and 10 normal tweets
Added 0 verified tweets and 10 normal tweets
Added 0 verified tweets and 10 normal tweets
Added 0 verified tweets and 10 normal tweets
Added 0 verified tweets and 10 normal tweets
Added 0 verified tweets and 10 normal tweets
Added 0 verified tweets and 10 normal tweets
Added 0 verified tweets and 10 normal tweets
Traceback (most recent call last):
  File "/Users/Ian/Library/Python/3.8/lib/python/site-packages/urllib3/connection.py", line 156, in _new_conn
    conn = connection.create_connection(
  File "/Users/Ian/Library/Python/3.8/lib/python/site-packages/urllib3/util/connection.py", line 84, in create_connection
    raise err
  File "/Users/Ian/Library/Python/3.8/lib/python/site-packages/urllib3/util/connection.py", line 74, in create_connection
    sock.connect(sa)
TimeoutError: [Errno 60] Operation timed out

During handling of the above exception, another exception occurred:

Traceback (most recent call last):
  File "/Users/Ian/Library/Python/3.8/lib/python/site-packages/urllib3/connectionpool.py", line 665, in urlopen
    httplib_response = self._make_request(
  File "/Users/Ian/Library/Python/3.8/lib/python/site-packages/urllib3/connectionpool.py", line 376, in _make_request
    self._validate_conn(conn)
  File "/Users/Ian/Library/Python/3.8/lib/python/site-packages/urllib3/connectionpool.py", line 994, in _validate_conn
    conn.connect()
  File "/Users/Ian/Library/Python/3.8/lib/python/site-packages/urllib3/connection.py", line 300, in connect
    conn = self._new_conn()
  File "/Users/Ian/Library/Python/3.8/lib/python/site-packages/urllib3/connection.py", line 168, in _new_conn
    raise NewConnectionError(
urllib3.exceptions.NewConnectionError: <urllib3.connection.VerifiedHTTPSConnection object at 0x10114a070>: Failed to establish a new connection: [Errno 60] Operation timed out

During handling of the above exception, another exception occurred:

Traceback (most recent call last):
  File "/Users/Ian/Library/Python/3.8/lib/python/site-packages/requests/adapters.py", line 439, in send
    resp = conn.urlopen(
  File "/Users/Ian/Library/Python/3.8/lib/python/site-packages/urllib3/connectionpool.py", line 719, in urlopen
    retries = retries.increment(
  File "/Users/Ian/Library/Python/3.8/lib/python/site-packages/urllib3/util/retry.py", line 436, in increment
    raise MaxRetryError(_pool, url, error or ResponseError(cause))
urllib3.exceptions.MaxRetryError: HTTPSConnectionPool(host='api.twitter.com', port=443): Max retries exceeded with url: /2/tweets/search/recent?query=bitcoin&user.fields=entities&tweet.fields=author_id,created_at (Caused by NewConnectionError('<urllib3.connection.VerifiedHTTPSConnection object at 0x10114a070>: Failed to establish a new connection: [Errno 60] Operation timed out'))

During handling of the above exception, another exception occurred:

Traceback (most recent call last):
  File "/Users/Ian/Documents/GitHub/Machine_Learning/tweet_analysis/add_tweets.py", line 1, in <module>
    from Causality_analysis import get_tweets, verify_tweets, preprocess_tweet
  File "/Users/Ian/Documents/GitHub/Machine_Learning/tweet_analysis/Causality_analysis.py", line 49, in <module>
    tweets = get_tweets("bitcoin")
  File "/Users/Ian/Documents/GitHub/Machine_Learning/tweet_analysis/Causality_analysis.py", line 27, in get_tweets
    r = requests.request("GET", url, headers = headers)
  File "/Users/Ian/Library/Python/3.8/lib/python/site-packages/requests/api.py", line 60, in request
    return session.request(method=method, url=url, **kwargs)
  File "/Users/Ian/Library/Python/3.8/lib/python/site-packages/requests/sessions.py", line 533, in request
    resp = self.send(prep, **send_kwargs)
  File "/Users/Ian/Library/Python/3.8/lib/python/site-packages/requests/sessions.py", line 646, in send
    r = adapter.send(request, **kwargs)
  File "/Users/Ian/Library/Python/3.8/lib/python/site-packages/requests/adapters.py", line 516, in send
    raise ConnectionError(e, request=request)
requests.exceptions.ConnectionError: HTTPSConnectionPool(host='api.twitter.com', port=443): Max retries exceeded with url: /2/tweets/search/recent?query=bitcoin&user.fields=entities&tweet.fields=author_id,created_at (Caused by NewConnectionError('<urllib3.connection.VerifiedHTTPSConnection object at 0x10114a070>: Failed to establish a new connection: [Errno 60] Operation timed out'))
Added 0 verified tweets and 10 normal tweets
Added 0 verified tweets and 10 normal tweets
Added 0 verified tweets and 10 normal tweets
Added 0 verified tweets and 10 normal tweets
Added 0 verified tweets and 10 normal tweets
{'created_at': '2021-03-06T03:57:47.000Z', 'author_id': '170049408', 'text': 'NBA Blockchain Billionaires: Cuban, Tsai and Leonsis to Lead Owners Study\xa0Group https://t.co/OsdVHv0DUx via @sportico \n\nWatch when they start accepting #bitcoin and other #cryptocurrencies.', 'id': '1368048137223479301'}
Added 0 verified tweets and 10 normal tweets
Added 0 verified tweets and 10 normal tweets
Added 0 verified tweets and 10 normal tweets
Added 0 verified tweets and 10 normal tweets
Added 0 verified tweets and 10 normal tweets
Added 0 verified tweets and 10 normal tweets
Added 0 verified tweets and 10 normal tweets
Added 0 verified tweets and 10 normal tweets
Added 0 verified tweets and 10 normal tweets
Added 0 verified tweets and 10 normal tweets
Added 0 verified tweets and 10 normal tweets
Added 0 verified tweets and 10 normal tweets
Added 0 verified tweets and 10 normal tweets
Added 0 verified tweets and 10 normal tweets
Added 0 verified tweets and 10 normal tweets
Added 0 verified tweets and 10 normal tweets
Added 0 verified tweets and 10 normal tweets
Added 0 verified tweets and 10 normal tweets
Added 0 verified tweets and 10 normal tweets
{'author_id': '3367334171', 'text': 'The St. Petersburg City Court accepted the plea of the three people, as the criminal case is targeting the general director of Cryptouniverse, who owns 60% of the firm. #Cryptocurrency https://t.co/padtAOl9z3', 'created_at': '2021-03-06T04:16:49.000Z', 'id': '1368052927110254595'}
{'id': '1368052927110254595', 'created_at': '2021-03-06T04:16:49.000Z', 'author_id': '3367334171', 'text': 'The St. Petersburg City Court accepted the plea of the three people, as the criminal case is targeting the general director of Cryptouniverse, who owns 60% of the firm. #Cryptocurrency https://t.co/padtAOl9z3'}
Added 1 verified tweets and 9 normal tweets
Added 0 verified tweets and 10 normal tweets
Added 0 verified tweets and 10 normal tweets
Added 0 verified tweets and 10 normal tweets
Added 0 verified tweets and 10 normal tweets
Added 0 verified tweets and 10 normal tweets
Traceback (most recent call last):
  File "/Users/Ian/Documents/GitHub/Machine_Learning/tweet_analysis/add_tweets.py", line 1, in <module>
    from Causality_analysis import get_tweets, verify_tweets, preprocess_tweet
  File "/Users/Ian/Documents/GitHub/Machine_Learning/tweet_analysis/Causality_analysis.py", line 51, in <module>
    verified = verify_tweets(tweets)
  File "/Users/Ian/Documents/GitHub/Machine_Learning/tweet_analysis/Causality_analysis.py", line 36, in verify_tweets
    verified = r.json()['data'][0]['verified']
  File "/Users/Ian/Library/Python/3.8/lib/python/site-packages/requests/models.py", line 897, in json
    return complexjson.loads(self.text, **kwargs)
  File "/Library/Frameworks/Python.framework/Versions/3.8/lib/python3.8/json/__init__.py", line 357, in loads
    return _default_decoder.decode(s)
  File "/Library/Frameworks/Python.framework/Versions/3.8/lib/python3.8/json/decoder.py", line 337, in decode
    obj, end = self.raw_decode(s, idx=_w(s, 0).end())
  File "/Library/Frameworks/Python.framework/Versions/3.8/lib/python3.8/json/decoder.py", line 355, in raw_decode
    raise JSONDecodeError("Expecting value", s, err.value) from None
json.decoder.JSONDecodeError: Expecting value: line 1 column 1 (char 0)
Added 0 verified tweets and 10 normal tweets
Added 0 verified tweets and 10 normal tweets
Added 0 verified tweets and 10 normal tweets
Added 0 verified tweets and 10 normal tweets
Added 0 verified tweets and 10 normal tweets
Added 0 verified tweets and 10 normal tweets
Added 0 verified tweets and 10 normal tweets
Added 0 verified tweets and 10 normal tweets
Added 0 verified tweets and 10 normal tweets
Added 0 verified tweets and 10 normal tweets
Added 0 verified tweets and 10 normal tweets
Added 0 verified tweets and 10 normal tweets
Added 0 verified tweets and 10 normal tweets
Added 0 verified tweets and 10 normal tweets
Added 0 verified tweets and 10 normal tweets
Added 0 verified tweets and 10 normal tweets
Added 0 verified tweets and 10 normal tweets
Added 0 verified tweets and 10 normal tweets
Added 0 verified tweets and 10 normal tweets
Added 0 verified tweets and 10 normal tweets
Added 0 verified tweets and 10 normal tweets
Added 0 verified tweets and 10 normal tweets
Added 0 verified tweets and 10 normal tweets
Added 0 verified tweets and 10 normal tweets
Added 0 verified tweets and 10 normal tweets
Added 0 verified tweets and 10 normal tweets
Added 0 verified tweets and 10 normal tweets
Added 0 verified tweets and 10 normal tweets
Added 0 verified tweets and 10 normal tweets
Added 0 verified tweets and 10 normal tweets
Traceback (most recent call last):
  File "/Users/Ian/Documents/GitHub/Machine_Learning/tweet_analysis/add_tweets.py", line 1, in <module>
    from Causality_analysis import get_tweets, verify_tweets, preprocess_tweet
  File "/Users/Ian/Documents/GitHub/Machine_Learning/tweet_analysis/Causality_analysis.py", line 51, in <module>
    verified = verify_tweets(tweets)
  File "/Users/Ian/Documents/GitHub/Machine_Learning/tweet_analysis/Causality_analysis.py", line 36, in verify_tweets
    verified = r.json()['data'][0]['verified']
  File "/Users/Ian/Library/Python/3.8/lib/python/site-packages/requests/models.py", line 897, in json
    return complexjson.loads(self.text, **kwargs)
  File "/Library/Frameworks/Python.framework/Versions/3.8/lib/python3.8/json/__init__.py", line 357, in loads
    return _default_decoder.decode(s)
  File "/Library/Frameworks/Python.framework/Versions/3.8/lib/python3.8/json/decoder.py", line 337, in decode
    obj, end = self.raw_decode(s, idx=_w(s, 0).end())
  File "/Library/Frameworks/Python.framework/Versions/3.8/lib/python3.8/json/decoder.py", line 355, in raw_decode
    raise JSONDecodeError("Expecting value", s, err.value) from None
json.decoder.JSONDecodeError: Expecting value: line 1 column 1 (char 0)
Added 0 verified tweets and 10 normal tweets
Added 0 verified tweets and 10 normal tweets
Added 0 verified tweets and 10 normal tweets
Added 0 verified tweets and 10 normal tweets
Added 0 verified tweets and 10 normal tweets
Added 0 verified tweets and 10 normal tweets
Added 0 verified tweets and 10 normal tweets
Added 0 verified tweets and 10 normal tweets
Added 10 normal tweets and 0 verified tweets
Added 10 normal tweets and 0 verified tweets
{'text': "RT @crypto: Curious about #cryptocurrency? Not sure how to buy #Bitcoin? We've got you covered!\n\nFrom the latest news and updates to a begi‚Ä¶", 'created_at': '2021-03-06T05:04:53.000Z', 'id': '1368065020840587264', 'author_id': '606571099'}
Added 9 normal tweets and 1 verified tweets
Added 10 normal tweets and 0 verified tweets
Added 10 normal tweets and 0 verified tweets
Traceback (most recent call last):
  File "/Users/Ian/Documents/GitHub/Machine_Learning/tweet_analysis/add_tweets.py", line 1, in <module>
    from Causality_analysis import get_tweets, verify_tweets, preprocess_tweet
  File "/Users/Ian/Documents/GitHub/Machine_Learning/tweet_analysis/Causality_analysis.py", line 51, in <module>
    verified = verify_tweets(tweets)
  File "/Users/Ian/Documents/GitHub/Machine_Learning/tweet_analysis/Causality_analysis.py", line 36, in verify_tweets
    verified = r.json()['data'][0]['verified']
  File "/Users/Ian/Library/Python/3.8/lib/python/site-packages/requests/models.py", line 897, in json
    return complexjson.loads(self.text, **kwargs)
  File "/Library/Frameworks/Python.framework/Versions/3.8/lib/python3.8/json/__init__.py", line 357, in loads
    return _default_decoder.decode(s)
  File "/Library/Frameworks/Python.framework/Versions/3.8/lib/python3.8/json/decoder.py", line 337, in decode
    obj, end = self.raw_decode(s, idx=_w(s, 0).end())
  File "/Library/Frameworks/Python.framework/Versions/3.8/lib/python3.8/json/decoder.py", line 355, in raw_decode
    raise JSONDecodeError("Expecting value", s, err.value) from None
json.decoder.JSONDecodeError: Expecting value: line 1 column 1 (char 0)
Traceback (most recent call last):
  File "/Users/Ian/Documents/GitHub/Machine_Learning/tweet_analysis/add_tweets.py", line 1, in <module>
    from Causality_analysis import get_tweets, verify_tweets, preprocess_tweet
  File "/Users/Ian/Documents/GitHub/Machine_Learning/tweet_analysis/Causality_analysis.py", line 51, in <module>
    verified = verify_tweets(tweets)
  File "/Users/Ian/Documents/GitHub/Machine_Learning/tweet_analysis/Causality_analysis.py", line 36, in verify_tweets
    verified = r.json()['data'][0]['verified']
  File "/Users/Ian/Library/Python/3.8/lib/python/site-packages/requests/models.py", line 897, in json
    return complexjson.loads(self.text, **kwargs)
  File "/Library/Frameworks/Python.framework/Versions/3.8/lib/python3.8/json/__init__.py", line 357, in loads
    return _default_decoder.decode(s)
  File "/Library/Frameworks/Python.framework/Versions/3.8/lib/python3.8/json/decoder.py", line 337, in decode
    obj, end = self.raw_decode(s, idx=_w(s, 0).end())
  File "/Library/Frameworks/Python.framework/Versions/3.8/lib/python3.8/json/decoder.py", line 355, in raw_decode
    raise JSONDecodeError("Expecting value", s, err.value) from None
json.decoder.JSONDecodeError: Expecting value: line 1 column 1 (char 0)
Traceback (most recent call last):
  File "/Users/Ian/Documents/GitHub/Machine_Learning/tweet_analysis/add_tweets.py", line 1, in <module>
    from Causality_analysis import get_tweets, verify_tweets, preprocess_tweet
  File "/Users/Ian/Documents/GitHub/Machine_Learning/tweet_analysis/Causality_analysis.py", line 51, in <module>
    verified = verify_tweets(tweets)
  File "/Users/Ian/Documents/GitHub/Machine_Learning/tweet_analysis/Causality_analysis.py", line 36, in verify_tweets
    verified = r.json()['data'][0]['verified']
  File "/Users/Ian/Library/Python/3.8/lib/python/site-packages/requests/models.py", line 897, in json
    return complexjson.loads(self.text, **kwargs)
  File "/Library/Frameworks/Python.framework/Versions/3.8/lib/python3.8/json/__init__.py", line 357, in loads
    return _default_decoder.decode(s)
  File "/Library/Frameworks/Python.framework/Versions/3.8/lib/python3.8/json/decoder.py", line 337, in decode
    obj, end = self.raw_decode(s, idx=_w(s, 0).end())
  File "/Library/Frameworks/Python.framework/Versions/3.8/lib/python3.8/json/decoder.py", line 355, in raw_decode
    raise JSONDecodeError("Expecting value", s, err.value) from None
json.decoder.JSONDecodeError: Expecting value: line 1 column 1 (char 0)
Added 10 normal tweets and 0 verified tweets
Added 10 normal tweets and 0 verified tweets
Added 10 normal tweets and 0 verified tweets
Added 10 normal tweets and 0 verified tweets
Added 10 normal tweets and 0 verified tweets
Added 10 normal tweets and 0 verified tweets
Added 10 normal tweets and 0 verified tweets
Added 10 normal tweets and 0 verified tweets
Added 10 normal tweets and 0 verified tweets
Added 10 normal tweets and 0 verified tweets
Added 10 normal tweets and 0 verified tweets
Added 10 normal tweets and 0 verified tweets
Added 10 normal tweets and 0 verified tweets
Added 10 normal tweets and 0 verified tweets
Added 10 normal tweets and 0 verified tweets
Added 10 normal tweets and 0 verified tweets
Added 10 normal tweets and 0 verified tweets
Added 10 normal tweets and 0 verified tweets
Added 10 normal tweets and 0 verified tweets
Added 10 normal tweets and 0 verified tweets
Added 10 normal tweets and 0 verified tweets
Added 10 normal tweets and 0 verified tweets
Added 10 normal tweets and 0 verified tweets
Added 10 normal tweets and 0 verified tweets
{'id': '1368072578192015362', 'author_id': '1632426716', 'created_at': '2021-03-06T05:34:54.000Z', 'text': 'RT @AlaattinCAGIL: Bitcoin‚Äôin en g√ºzel anlatƒ±mƒ±... https://t.co/K4qkvB0YXS'}
Added 9 normal tweets and 1 verified tweets
Traceback (most recent call last):
  File "/Users/Ian/Documents/GitHub/Machine_Learning/tweet_analysis/add_tweets.py", line 1, in <module>
    from Causality_analysis import get_tweets, verify_tweets, preprocess_tweet
  File "/Users/Ian/Documents/GitHub/Machine_Learning/tweet_analysis/Causality_analysis.py", line 6, in <module>
    from decouple import config
ModuleNotFoundError: No module named 'decouple'
Traceback (most recent call last):
  File "/Users/Ian/Documents/GitHub/Machine_Learning/tweet_analysis/add_tweets.py", line 1, in <module>
    from Causality_analysis import get_tweets, verify_tweets, preprocess_tweet
  File "/Users/Ian/Documents/GitHub/Machine_Learning/tweet_analysis/Causality_analysis.py", line 6, in <module>
    from decouple import config
ImportError: cannot import name 'config' from 'decouple' (/Library/Frameworks/Python.framework/Versions/3.8/lib/python3.8/site-packages/decouple/__init__.py)
Traceback (most recent call last):
  File "/Users/Ian/Documents/GitHub/Machine_Learning/tweet_analysis/add_tweets.py", line 1, in <module>
    from Causality_analysis import get_tweets, verify_tweets, preprocess_tweet
  File "/Users/Ian/Documents/GitHub/Machine_Learning/tweet_analysis/Causality_analysis.py", line 6, in <module>
    from env import BEARER
ModuleNotFoundError: No module named 'env'
AAAAAAAAAAAAAAAAAAAAAKeALAEAAAAA7pr%2B0Wbti3cRC%2FWaMWouen%2F2cmQ%3DLdwugPjXpcX8TqRrocCtqAAYFwUP8dDqF1jMgm26kk8o2bVvcx
Added 10 normal tweets and 0 verified tweets
AAAAAAAAAAAAAAAAAAAAAKeALAEAAAAA7pr%2B0Wbti3cRC%2FWaMWouen%2F2cmQ%3DLdwugPjXpcX8TqRrocCtqAAYFwUP8dDqF1jMgm26kk8o2bVvcx
Added 10 normal tweets and 0 verified tweets
Added 10 normal tweets and 0 verified tweets
Added 10 normal tweets and 0 verified tweets
Added 10 normal tweets and 0 verified tweets
Added 10 normal tweets and 0 verified tweets
Added 10 normal tweets and 0 verified tweets
Added 10 normal tweets and 0 verified tweets
Added 10 normal tweets and 0 verified tweets
Added 10 normal tweets and 0 verified tweets
Added 10 normal tweets and 0 verified tweets
Added 10 normal tweets and 0 verified tweets
Added 10 normal tweets and 0 verified tweets
Added 10 normal tweets and 0 verified tweets
Added 10 normal tweets and 0 verified tweets
Added 10 normal tweets and 0 verified tweets
Added 10 normal tweets and 0 verified tweets
Added 10 normal tweets and 0 verified tweets
Added 10 normal tweets and 0 verified tweets
Added 10 normal tweets and 0 verified tweets
Added 10 normal tweets and 0 verified tweets
Added 10 normal tweets and 0 verified tweets
Added 10 normal tweets and 0 verified tweets
Added 10 normal tweets and 0 verified tweets
Added 10 normal tweets and 0 verified tweets
Added 10 normal tweets and 0 verified tweets
Added 10 normal tweets and 0 verified tweets
{'id': '1368080347859017732', 'author_id': '119750943', 'created_at': '2021-03-06T06:05:47.000Z', 'text': 'Desmitificando el gasto de energ√≠a de Bitcoin https://t.co/KCl0BQJDF9'}
Added 10 normal tweets and 0 verified tweets
Added 10 normal tweets and 0 verified tweets
Added 10 normal tweets and 0 verified tweets
Added 10 normal tweets and 0 verified tweets
Added 10 normal tweets and 0 verified tweets
Traceback (most recent call last):
  File "/Users/Ian/Documents/GitHub/Machine_Learning/tweet_analysis/add_tweets.py", line 1, in <module>
    from Causality_analysis import get_tweets, verify_tweets, preprocess_tweet
  File "/Users/Ian/Documents/GitHub/Machine_Learning/tweet_analysis/Causality_analysis.py", line 52, in <module>
    verified = verify_tweets(tweets)
  File "/Users/Ian/Documents/GitHub/Machine_Learning/tweet_analysis/Causality_analysis.py", line 37, in verify_tweets
    verified = r.json()['data'][0]['verified']
  File "/Users/Ian/Library/Python/3.8/lib/python/site-packages/requests/models.py", line 897, in json
    return complexjson.loads(self.text, **kwargs)
  File "/Library/Frameworks/Python.framework/Versions/3.8/lib/python3.8/json/__init__.py", line 357, in loads
    return _default_decoder.decode(s)
  File "/Library/Frameworks/Python.framework/Versions/3.8/lib/python3.8/json/decoder.py", line 337, in decode
    obj, end = self.raw_decode(s, idx=_w(s, 0).end())
  File "/Library/Frameworks/Python.framework/Versions/3.8/lib/python3.8/json/decoder.py", line 355, in raw_decode
    raise JSONDecodeError("Expecting value", s, err.value) from None
json.decoder.JSONDecodeError: Expecting value: line 1 column 1 (char 0)
Added 10 normal tweets and 0 verified tweets
Added 10 normal tweets and 0 verified tweets
{'author_id': '19721574', 'text': 'RT @KISBitcoin: How to use @bisq_network video series now accessible in 5 languages.\n\n‚úìChinese\n‚úìPortuguese\n‚úìFrench\n‚úìSpanish\n‚úìEnglish\n\nHelp‚Ä¶', 'id': '1368082371417829378', 'created_at': '2021-03-06T06:13:49.000Z'}
{'created_at': '2021-03-06T06:13:49.000Z', 'id': '1368082371417829378', 'author_id': '19721574', 'text': 'RT @KISBitcoin: How to use @bisq_network video series now accessible in 5 languages.\n\n‚úìChinese\n‚úìPortuguese\n‚úìFrench\n‚úìSpanish\n‚úìEnglish\n\nHelp‚Ä¶'}
Added 9 normal tweets and 1 verified tweets
{'id': '1368082636447445000', 'author_id': '32318850', 'text': '@jefreybulla @TheBlueMatt @Stacks @RSKsmart BTC is not Bitcoin and NOTHING has been determined yet other than it can not scale so has zero utility.  The platform wars are won by scaling not manipulated markets.', 'created_at': '2021-03-06T06:14:52.000Z'}
Added 9 normal tweets and 1 verified tweets
Added 10 normal tweets and 0 verified tweets
Added 10 normal tweets and 0 verified tweets
Added 10 normal tweets and 0 verified tweets
Added 10 normal tweets and 0 verified tweets
Added 10 normal tweets and 0 verified tweets
Added 10 normal tweets and 0 verified tweets
Added 10 normal tweets and 0 verified tweets
Added 10 normal tweets and 0 verified tweets
Added 10 normal tweets and 0 verified tweets
Added 10 normal tweets and 0 verified tweets
Added 10 normal tweets and 0 verified tweets
Traceback (most recent call last):
  File "/Users/Ian/Documents/GitHub/Machine_Learning/tweet_analysis/add_tweets.py", line 1, in <module>
    from Causality_analysis import get_tweets, verify_tweets, preprocess_tweet
  File "/Users/Ian/Documents/GitHub/Machine_Learning/tweet_analysis/Causality_analysis.py", line 52, in <module>
    verified = verify_tweets(tweets)
  File "/Users/Ian/Documents/GitHub/Machine_Learning/tweet_analysis/Causality_analysis.py", line 37, in verify_tweets
    verified = r.json()['data'][0]['verified']
  File "/Users/Ian/Library/Python/3.8/lib/python/site-packages/requests/models.py", line 897, in json
    return complexjson.loads(self.text, **kwargs)
  File "/Library/Frameworks/Python.framework/Versions/3.8/lib/python3.8/json/__init__.py", line 357, in loads
    return _default_decoder.decode(s)
  File "/Library/Frameworks/Python.framework/Versions/3.8/lib/python3.8/json/decoder.py", line 337, in decode
    obj, end = self.raw_decode(s, idx=_w(s, 0).end())
  File "/Library/Frameworks/Python.framework/Versions/3.8/lib/python3.8/json/decoder.py", line 355, in raw_decode
    raise JSONDecodeError("Expecting value", s, err.value) from None
json.decoder.JSONDecodeError: Expecting value: line 1 column 1 (char 0)
Added 10 normal tweets and 0 verified tweets
Added 10 normal tweets and 0 verified tweets
{'text': "RT @rebeccagrants: Here's my #NCAAMüèÄ#Top16\n1 #Illinois\n2 #Gonzaga\n3 #Baylor\n4 #KU\n5 #HOU\n6 #Michigan\n7 #Arkansas\n8 #Alabama\n9 #Loyola IL\n10‚Ä¶", 'created_at': '2021-03-06T06:29:48.000Z', 'id': '1368086393801502720', 'author_id': '175161093'}
{'author_id': '175161093', 'text': "RT @rebeccagrants: Here's my #NCAAMüèÄ#Top16\n1 #Illinois\n2 #Gonzaga\n3 #Baylor\n4 #KU\n5 #HOU\n6 #Michigan\n7 #Arkansas\n8 #Alabama\n9 #Loyola IL\n10‚Ä¶", 'id': '1368086393801502720', 'created_at': '2021-03-06T06:29:48.000Z'}
Added 9 normal tweets and 1 verified tweets
Added 10 normal tweets and 0 verified tweets
Added 10 normal tweets and 0 verified tweets
Added 10 normal tweets and 0 verified tweets
Added 10 normal tweets and 0 verified tweets
Added 10 normal tweets and 0 verified tweets
Added 10 normal tweets and 0 verified tweets
Added 10 normal tweets and 0 verified tweets
Added 10 normal tweets and 0 verified tweets
Added 10 normal tweets and 0 verified tweets
Added 10 normal tweets and 0 verified tweets
Added 10 normal tweets and 0 verified tweets
Added 10 normal tweets and 0 verified tweets
Added 10 normal tweets and 0 verified tweets
Added 10 normal tweets and 0 verified tweets
Added 10 normal tweets and 0 verified tweets
Added 10 normal tweets and 0 verified tweets
Added 10 normal tweets and 0 verified tweets
Added 10 normal tweets and 0 verified tweets
Added 10 normal tweets and 0 verified tweets
Added 10 normal tweets and 0 verified tweets
Added 10 normal tweets and 0 verified tweets
Added 10 normal tweets and 0 verified tweets
Added 10 normal tweets and 0 verified tweets
Added 10 normal tweets and 0 verified tweets
Added 10 normal tweets and 0 verified tweets
Added 10 normal tweets and 0 verified tweets
Added 10 normal tweets and 0 verified tweets
Added 10 normal tweets and 0 verified tweets
Added 10 normal tweets and 0 verified tweets
Added 10 normal tweets and 0 verified tweets
Added 10 normal tweets and 0 verified tweets
Added 10 normal tweets and 0 verified tweets
Added 10 normal tweets and 0 verified tweets
Added 10 normal tweets and 0 verified tweets
Added 10 normal tweets and 0 verified tweets
Added 10 normal tweets and 0 verified tweets
Added 10 normal tweets and 0 verified tweets
Added 10 normal tweets and 0 verified tweets
Added 10 normal tweets and 0 verified tweets
Added 10 normal tweets and 0 verified tweets
Added 10 normal tweets and 0 verified tweets
Added 10 normal tweets and 0 verified tweets
Added 10 normal tweets and 0 verified tweets
Added 10 normal tweets and 0 verified tweets
Added 10 normal tweets and 0 verified tweets
Added 10 normal tweets and 0 verified tweets
Added 10 normal tweets and 0 verified tweets
Added 10 normal tweets and 0 verified tweets
Added 10 normal tweets and 0 verified tweets
Added 10 normal tweets and 0 verified tweets
Added 10 normal tweets and 0 verified tweets
Added 10 normal tweets and 0 verified tweets
Added 10 normal tweets and 0 verified tweets
Added 10 normal tweets and 0 verified tweets
Added 10 normal tweets and 0 verified tweets
Added 10 normal tweets and 0 verified tweets
Added 10 normal tweets and 0 verified tweets
Added 10 normal tweets and 0 verified tweets
Added 10 normal tweets and 0 verified tweets
Added 10 normal tweets and 0 verified tweets
Added 10 normal tweets and 0 verified tweets
Added 10 normal tweets and 0 verified tweets
Added 10 normal tweets and 0 verified tweets
{'id': '1368102513036070912', 'created_at': '2021-03-06T07:33:51.000Z', 'text': '"The mood in the rest of the World towards India is darkening": Raghuram Rajan\n\nThis is what happens when you have an uneducated PM leading the country\n https://t.co/QjRNe94h6h', 'author_id': '405527363'}
Added 9 normal tweets and 1 verified tweets
Added 10 normal tweets and 0 verified tweets
Added 10 normal tweets and 0 verified tweets
Added 10 normal tweets and 0 verified tweets
Added 10 normal tweets and 0 verified tweets
Added 10 normal tweets and 0 verified tweets
Added 10 normal tweets and 0 verified tweets
Added 10 normal tweets and 0 verified tweets
Added 10 normal tweets and 0 verified tweets
Traceback (most recent call last):
  File "/Users/Ian/Documents/GitHub/Machine_Learning/tweet_analysis/add_tweets.py", line 1, in <module>
    from Causality_analysis import get_tweets, verify_tweets, preprocess_tweet
  File "/Users/Ian/Documents/GitHub/Machine_Learning/tweet_analysis/Causality_analysis.py", line 52, in <module>
    verified = verify_tweets(tweets)
  File "/Users/Ian/Documents/GitHub/Machine_Learning/tweet_analysis/Causality_analysis.py", line 37, in verify_tweets
    verified = r.json()['data'][0]['verified']
  File "/Users/Ian/Library/Python/3.8/lib/python/site-packages/requests/models.py", line 897, in json
    return complexjson.loads(self.text, **kwargs)
  File "/Library/Frameworks/Python.framework/Versions/3.8/lib/python3.8/json/__init__.py", line 357, in loads
    return _default_decoder.decode(s)
  File "/Library/Frameworks/Python.framework/Versions/3.8/lib/python3.8/json/decoder.py", line 337, in decode
    obj, end = self.raw_decode(s, idx=_w(s, 0).end())
  File "/Library/Frameworks/Python.framework/Versions/3.8/lib/python3.8/json/decoder.py", line 355, in raw_decode
    raise JSONDecodeError("Expecting value", s, err.value) from None
json.decoder.JSONDecodeError: Expecting value: line 1 column 1 (char 0)
Added 10 normal tweets and 0 verified tweets
Added 10 normal tweets and 0 verified tweets
Added 10 normal tweets and 0 verified tweets
Added 10 normal tweets and 0 verified tweets
Added 10 normal tweets and 0 verified tweets
Added 10 normal tweets and 0 verified tweets
{'created_at': '2021-03-06T07:49:52.000Z', 'id': '1368106542109782016', 'author_id': '18850192', 'text': 'The latest Great Investments Programme Daily Newsletter by Alpesh Patel ! https://t.co/SIWc6KxCIr #thestreetlive #bitcoin'}
Added 10 normal tweets and 0 verified tweets
{'id': '1368106797790232578', 'author_id': '323701650', 'created_at': '2021-03-06T07:50:53.000Z', 'text': 'RT @DocumentingBTC: Chamath Palihapitiya on #bitcoin when it was worth $142 https://t.co/4wkrmPT3xR'}
Added 9 normal tweets and 1 verified tweets
Added 10 normal tweets and 0 verified tweets
Added 10 normal tweets and 0 verified tweets
Added 10 normal tweets and 0 verified tweets
Added 10 normal tweets and 0 verified tweets
{'text': 'Brilliant clip from @chamath back in the early days on Bitcoin‚Äôs value as an ‚Äúultimate‚Äù SOV and then a foundation for a new kind of global MOE.\n\nBitcoin has 350x‚Äôd since.\n\nhttps://t.co/oRhN4F0V1u', 'created_at': '2021-03-06T07:55:52.000Z', 'author_id': '19721574', 'id': '1368108051652210688'}
{'id': '1368108051652210688', 'created_at': '2021-03-06T07:55:52.000Z', 'text': 'Brilliant clip from @chamath back in the early days on Bitcoin‚Äôs value as an ‚Äúultimate‚Äù SOV and then a foundation for a new kind of global MOE.\n\nBitcoin has 350x‚Äôd since.\n\nhttps://t.co/oRhN4F0V1u', 'author_id': '19721574'}
Added 9 normal tweets and 1 verified tweets
Added 10 normal tweets and 0 verified tweets
Added 10 normal tweets and 0 verified tweets
Traceback (most recent call last):
  File "/Users/Ian/Documents/GitHub/Machine_Learning/tweet_analysis/add_tweets.py", line 1, in <module>
    from Causality_analysis import get_tweets, verify_tweets, preprocess_tweet
  File "/Users/Ian/Documents/GitHub/Machine_Learning/tweet_analysis/Causality_analysis.py", line 52, in <module>
    verified = verify_tweets(tweets)
  File "/Users/Ian/Documents/GitHub/Machine_Learning/tweet_analysis/Causality_analysis.py", line 37, in verify_tweets
    verified = r.json()['data'][0]['verified']
  File "/Users/Ian/Library/Python/3.8/lib/python/site-packages/requests/models.py", line 897, in json
    return complexjson.loads(self.text, **kwargs)
  File "/Library/Frameworks/Python.framework/Versions/3.8/lib/python3.8/json/__init__.py", line 357, in loads
    return _default_decoder.decode(s)
  File "/Library/Frameworks/Python.framework/Versions/3.8/lib/python3.8/json/decoder.py", line 337, in decode
    obj, end = self.raw_decode(s, idx=_w(s, 0).end())
  File "/Library/Frameworks/Python.framework/Versions/3.8/lib/python3.8/json/decoder.py", line 355, in raw_decode
    raise JSONDecodeError("Expecting value", s, err.value) from None
json.decoder.JSONDecodeError: Expecting value: line 1 column 1 (char 0)
Added 10 normal tweets and 0 verified tweets
{'id': '1368109313290539009', 'author_id': '7827962', 'text': 'Se desat√≥ la guerra entre Bitcoin y Dogecoin por el enfrentamiento entre dos millonarios de Estados Unidos https://t.co/1RUX5IG0Ll', 'created_at': '2021-03-06T08:00:53.000Z'}
Added 9 normal tweets and 1 verified tweets
Added 10 normal tweets and 0 verified tweets
{'author_id': '32318850', 'text': 'RT @murphsicles: Remember that time when a Core developer said "Hey, 10,000 nodes is too many, let\'s ignore 9,992 of them", and Blockstream‚Ä¶', 'created_at': '2021-03-06T08:02:46.000Z', 'id': '1368109790476439555'}
Added 10 normal tweets and 0 verified tweets
Added 10 normal tweets and 0 verified tweets
Added 10 normal tweets and 0 verified tweets
Added 10 normal tweets and 0 verified tweets
Added 10 normal tweets and 0 verified tweets
Added 10 normal tweets and 0 verified tweets
Added 10 normal tweets and 0 verified tweets
Added 10 normal tweets and 0 verified tweets
Added 10 normal tweets and 0 verified tweets
Added 10 normal tweets and 0 verified tweets
Added 10 normal tweets and 0 verified tweets
Added 10 normal tweets and 0 verified tweets
Traceback (most recent call last):
  File "/Users/Ian/Documents/GitHub/Machine_Learning/tweet_analysis/add_tweets.py", line 1, in <module>
    from Causality_analysis import get_tweets, verify_tweets, preprocess_tweet
  File "/Users/Ian/Documents/GitHub/Machine_Learning/tweet_analysis/Causality_analysis.py", line 52, in <module>
    verified = verify_tweets(tweets)
  File "/Users/Ian/Documents/GitHub/Machine_Learning/tweet_analysis/Causality_analysis.py", line 37, in verify_tweets
    verified = r.json()['data'][0]['verified']
  File "/Users/Ian/Library/Python/3.8/lib/python/site-packages/requests/models.py", line 897, in json
    return complexjson.loads(self.text, **kwargs)
  File "/Library/Frameworks/Python.framework/Versions/3.8/lib/python3.8/json/__init__.py", line 357, in loads
    return _default_decoder.decode(s)
  File "/Library/Frameworks/Python.framework/Versions/3.8/lib/python3.8/json/decoder.py", line 337, in decode
    obj, end = self.raw_decode(s, idx=_w(s, 0).end())
  File "/Library/Frameworks/Python.framework/Versions/3.8/lib/python3.8/json/decoder.py", line 355, in raw_decode
    raise JSONDecodeError("Expecting value", s, err.value) from None
json.decoder.JSONDecodeError: Expecting value: line 1 column 1 (char 0)
Added 10 normal tweets and 0 verified tweets
Added 10 normal tweets and 0 verified tweets
Added 10 normal tweets and 0 verified tweets
Added 10 normal tweets and 0 verified tweets
Added 10 normal tweets and 0 verified tweets
Added 10 normal tweets and 0 verified tweets
Added 10 normal tweets and 0 verified tweets
Added 10 normal tweets and 0 verified tweets
Added 10 normal tweets and 0 verified tweets
Added 10 normal tweets and 0 verified tweets
Added 10 normal tweets and 0 verified tweets
{'id': '1368115848980926464', 'author_id': '799250105572491264', 'created_at': '2021-03-06T08:26:51.000Z', 'text': 'Less supply of bitcoin https://t.co/G9SEEAqc6f'}
Added 9 normal tweets and 1 verified tweets
Added 10 normal tweets and 0 verified tweets
{'author_id': '281766494', 'created_at': '2021-03-06T08:28:55.000Z', 'id': '1368116367841431552', 'text': '@lemi_59 Die Bitcoin-Kaufaktion hat Tesla jedenfalls nicht geholfen. Seitdem der Kauf Anfang Februar 2021 bekannt wurde, tendiert die Aktie nach unten. Und Konzernchef Elon Musk hat seine Position als reichster Mensch der Welt abgeben m√ºssen. Aktuell steht er nur noch auf Rang drei'}
Added 9 normal tweets and 1 verified tweets
Added 10 normal tweets and 0 verified tweets
Added 10 normal tweets and 0 verified tweets
Added 10 normal tweets and 0 verified tweets
Added 10 normal tweets and 0 verified tweets
Added 10 normal tweets and 0 verified tweets
Added 10 normal tweets and 0 verified tweets
Added 10 normal tweets and 0 verified tweets
Added 10 normal tweets and 0 verified tweets
Added 10 normal tweets and 0 verified tweets
Added 10 normal tweets and 0 verified tweets
Added 10 normal tweets and 0 verified tweets
{'id': '1368119367876055041', 'author_id': '32318850', 'text': 'ya..no it doesnt...real Bitcoin BSV is a data management protocol so does things digital yuan can not...and BTC is crap and does nothing so also does not compete with the new currency. \n\nhttps://t.co/lVFNQ7WSHX', 'created_at': '2021-03-06T08:40:50.000Z'}
{'created_at': '2021-03-06T08:40:50.000Z', 'author_id': '32318850', 'text': 'ya..no it doesnt...real Bitcoin BSV is a data management protocol so does things digital yuan can not...and BTC is crap and does nothing so also does not compete with the new currency. \n\nhttps://t.co/lVFNQ7WSHX', 'id': '1368119367876055041'}
Added 9 normal tweets and 1 verified tweets
Added 10 normal tweets and 0 verified tweets
Added 10 normal tweets and 0 verified tweets
Added 10 normal tweets and 0 verified tweets
Added 10 normal tweets and 0 verified tweets
Traceback (most recent call last):
  File "/Users/Ian/Documents/GitHub/Machine_Learning/tweet_analysis/add_tweets.py", line 1, in <module>
    from Causality_analysis import get_tweets, verify_tweets, preprocess_tweet
  File "/Users/Ian/Documents/GitHub/Machine_Learning/tweet_analysis/Causality_analysis.py", line 52, in <module>
    verified = verify_tweets(tweets)
  File "/Users/Ian/Documents/GitHub/Machine_Learning/tweet_analysis/Causality_analysis.py", line 37, in verify_tweets
    verified = r.json()['data'][0]['verified']
  File "/Users/Ian/Library/Python/3.8/lib/python/site-packages/requests/models.py", line 897, in json
    return complexjson.loads(self.text, **kwargs)
  File "/Library/Frameworks/Python.framework/Versions/3.8/lib/python3.8/json/__init__.py", line 357, in loads
    return _default_decoder.decode(s)
  File "/Library/Frameworks/Python.framework/Versions/3.8/lib/python3.8/json/decoder.py", line 337, in decode
    obj, end = self.raw_decode(s, idx=_w(s, 0).end())
  File "/Library/Frameworks/Python.framework/Versions/3.8/lib/python3.8/json/decoder.py", line 355, in raw_decode
    raise JSONDecodeError("Expecting value", s, err.value) from None
json.decoder.JSONDecodeError: Expecting value: line 1 column 1 (char 0)
{'id': '1368120873559814150', 'created_at': '2021-03-06T08:46:49.000Z', 'text': '@Machiavellecon it does, regulators are not clear on the fact that BTC is not Bitcoin, is centrally controlled by Blockstream with a non locked protocol and with only 8 nodes and zero utility since it can not scale. Once they understand this it does apply I think.', 'author_id': '32318850'}
{'id': '1368120873559814150', 'created_at': '2021-03-06T08:46:49.000Z', 'author_id': '32318850', 'text': '@Machiavellecon it does, regulators are not clear on the fact that BTC is not Bitcoin, is centrally controlled by Blockstream with a non locked protocol and with only 8 nodes and zero utility since it can not scale. Once they understand this it does apply I think.'}
Added 9 normal tweets and 1 verified tweets
Added 10 normal tweets and 0 verified tweets
Added 10 normal tweets and 0 verified tweets
Added 10 normal tweets and 0 verified tweets
Added 10 normal tweets and 0 verified tweets
Added 10 normal tweets and 0 verified tweets
Added 10 normal tweets and 0 verified tweets
Added 10 normal tweets and 0 verified tweets
Added 10 normal tweets and 0 verified tweets
Added 10 normal tweets and 0 verified tweets
Added 10 normal tweets and 0 verified tweets
Added 10 normal tweets and 0 verified tweets
Added 10 normal tweets and 0 verified tweets
Added 10 normal tweets and 0 verified tweets
Added 10 normal tweets and 0 verified tweets
Traceback (most recent call last):
  File "/Users/Ian/Documents/GitHub/Machine_Learning/tweet_analysis/add_tweets.py", line 1, in <module>
    from Causality_analysis import get_tweets, verify_tweets, preprocess_tweet
  File "/Users/Ian/Documents/GitHub/Machine_Learning/tweet_analysis/Causality_analysis.py", line 52, in <module>
    verified = verify_tweets(tweets)
  File "/Users/Ian/Documents/GitHub/Machine_Learning/tweet_analysis/Causality_analysis.py", line 37, in verify_tweets
    verified = r.json()['data'][0]['verified']
  File "/Users/Ian/Library/Python/3.8/lib/python/site-packages/requests/models.py", line 897, in json
    return complexjson.loads(self.text, **kwargs)
  File "/Library/Frameworks/Python.framework/Versions/3.8/lib/python3.8/json/__init__.py", line 357, in loads
    return _default_decoder.decode(s)
  File "/Library/Frameworks/Python.framework/Versions/3.8/lib/python3.8/json/decoder.py", line 337, in decode
    obj, end = self.raw_decode(s, idx=_w(s, 0).end())
  File "/Library/Frameworks/Python.framework/Versions/3.8/lib/python3.8/json/decoder.py", line 355, in raw_decode
    raise JSONDecodeError("Expecting value", s, err.value) from None
json.decoder.JSONDecodeError: Expecting value: line 1 column 1 (char 0)
Added 10 normal tweets and 0 verified tweets
Added 10 normal tweets and 0 verified tweets
Added 10 normal tweets and 0 verified tweets
Added 10 normal tweets and 0 verified tweets
Added 10 normal tweets and 0 verified tweets
Added 10 normal tweets and 0 verified tweets
Added 10 normal tweets and 0 verified tweets
Added 10 normal tweets and 0 verified tweets
Added 10 normal tweets and 0 verified tweets
Added 10 normal tweets and 0 verified tweets
Added 10 normal tweets and 0 verified tweets
Added 10 normal tweets and 0 verified tweets
Added 10 normal tweets and 0 verified tweets
Added 10 normal tweets and 0 verified tweets
Added 10 normal tweets and 0 verified tweets
Traceback (most recent call last):
  File "/Users/Ian/Documents/GitHub/Machine_Learning/tweet_analysis/add_tweets.py", line 1, in <module>
    from Causality_analysis import get_tweets, verify_tweets, preprocess_tweet
  File "/Users/Ian/Documents/GitHub/Machine_Learning/tweet_analysis/Causality_analysis.py", line 52, in <module>
    verified = verify_tweets(tweets)
  File "/Users/Ian/Documents/GitHub/Machine_Learning/tweet_analysis/Causality_analysis.py", line 37, in verify_tweets
    verified = r.json()['data'][0]['verified']
  File "/Users/Ian/Library/Python/3.8/lib/python/site-packages/requests/models.py", line 897, in json
    return complexjson.loads(self.text, **kwargs)
  File "/Library/Frameworks/Python.framework/Versions/3.8/lib/python3.8/json/__init__.py", line 357, in loads
    return _default_decoder.decode(s)
  File "/Library/Frameworks/Python.framework/Versions/3.8/lib/python3.8/json/decoder.py", line 337, in decode
    obj, end = self.raw_decode(s, idx=_w(s, 0).end())
  File "/Library/Frameworks/Python.framework/Versions/3.8/lib/python3.8/json/decoder.py", line 355, in raw_decode
    raise JSONDecodeError("Expecting value", s, err.value) from None
json.decoder.JSONDecodeError: Expecting value: line 1 column 1 (char 0)
Added 10 normal tweets and 0 verified tweets
Added 10 normal tweets and 0 verified tweets
Added 10 normal tweets and 0 verified tweets
Added 10 normal tweets and 0 verified tweets
Added 10 normal tweets and 0 verified tweets
Added 10 normal tweets and 0 verified tweets
Added 10 normal tweets and 0 verified tweets
Added 10 normal tweets and 0 verified tweets
Added 10 normal tweets and 0 verified tweets
Added 10 normal tweets and 0 verified tweets
Added 10 normal tweets and 0 verified tweets
{'author_id': '14060308', 'text': 'Oh I appear to have been given Twitter Spaces. I think it‚Äôs clubhouse but without the Bitcoin Ted talk chat. Will give it a whirl in a bit.', 'created_at': '2021-03-06T09:29:50.000Z', 'id': '1368131700216246276'}
Added 10 normal tweets and 0 verified tweets
Added 10 normal tweets and 0 verified tweets
Added 10 normal tweets and 0 verified tweets
Added 10 normal tweets and 0 verified tweets
Traceback (most recent call last):
  File "/Users/Ian/Documents/GitHub/Machine_Learning/tweet_analysis/add_tweets.py", line 1, in <module>
    from Causality_analysis import get_tweets, verify_tweets, preprocess_tweet
  File "/Users/Ian/Documents/GitHub/Machine_Learning/tweet_analysis/Causality_analysis.py", line 52, in <module>
    verified = verify_tweets(tweets)
  File "/Users/Ian/Documents/GitHub/Machine_Learning/tweet_analysis/Causality_analysis.py", line 37, in verify_tweets
    verified = r.json()['data'][0]['verified']
  File "/Users/Ian/Library/Python/3.8/lib/python/site-packages/requests/models.py", line 897, in json
    return complexjson.loads(self.text, **kwargs)
  File "/Library/Frameworks/Python.framework/Versions/3.8/lib/python3.8/json/__init__.py", line 357, in loads
    return _default_decoder.decode(s)
  File "/Library/Frameworks/Python.framework/Versions/3.8/lib/python3.8/json/decoder.py", line 337, in decode
    obj, end = self.raw_decode(s, idx=_w(s, 0).end())
  File "/Library/Frameworks/Python.framework/Versions/3.8/lib/python3.8/json/decoder.py", line 355, in raw_decode
    raise JSONDecodeError("Expecting value", s, err.value) from None
json.decoder.JSONDecodeError: Expecting value: line 1 column 1 (char 0)
Added 10 normal tweets and 0 verified tweets
Added 10 normal tweets and 0 verified tweets
Added 10 normal tweets and 0 verified tweets
Added 10 normal tweets and 0 verified tweets
Added 10 normal tweets and 0 verified tweets
Added 10 normal tweets and 0 verified tweets
Added 10 normal tweets and 0 verified tweets
Added 10 normal tweets and 0 verified tweets
Added 10 normal tweets and 0 verified tweets
Added 10 normal tweets and 0 verified tweets
Added 10 normal tweets and 0 verified tweets
Added 10 normal tweets and 0 verified tweets
{'created_at': '2021-03-06T09:46:57.000Z', 'id': '1368136007489646598', 'author_id': '2992256769', 'text': 'RT @MarketWatch: Bitcoin could prevent society from functioning and is an ‚Äòextreme form of libertarian anarchism,‚Äô warns this fund manager‚Ä¶'}
Added 9 normal tweets and 1 verified tweets
{'id': '1368136204529655810', 'created_at': '2021-03-06T09:47:44.000Z', 'author_id': '1125319374599012352', 'text': '‚öΩÔ∏èHafta sonunu ma√ß seyrederek ge√ßirmek harika! \n\nRakip topu almadan #Bitcoin almak, harika bir totem olabilir.\n\n#BtcTurk ile kolayca #Bitcoin almak i√ßinüëá\n\nüì≤iOS: https://t.co/4Y5WWN85xL \nüì≤Android: https://t.co/5DPKP4QCIT\n\n#BitcoinTurkiye https://t.co/8ifu4aBFsn'}
Added 10 normal tweets and 0 verified tweets
Added 10 normal tweets and 0 verified tweets
Added 10 normal tweets and 0 verified tweets
Added 10 normal tweets and 0 verified tweets
Added 10 normal tweets and 0 verified tweets
Added 10 normal tweets and 0 verified tweets
Added 10 normal tweets and 0 verified tweets
Added 10 normal tweets and 0 verified tweets
Added 10 normal tweets and 0 verified tweets
Added 10 normal tweets and 0 verified tweets
Added 10 normal tweets and 0 verified tweets
Added 10 normal tweets and 0 verified tweets
Added 10 normal tweets and 0 verified tweets
Added 10 normal tweets and 0 verified tweets
Added 10 normal tweets and 0 verified tweets
Added 10 normal tweets and 0 verified tweets
Added 10 normal tweets and 0 verified tweets
Added 10 normal tweets and 0 verified tweets
Added 10 normal tweets and 0 verified tweets
Added 10 normal tweets and 0 verified tweets
Added 10 normal tweets and 0 verified tweets
Added 10 normal tweets and 0 verified tweets
Added 10 normal tweets and 0 verified tweets
Added 10 normal tweets and 0 verified tweets
Added 10 normal tweets and 0 verified tweets
Added 10 normal tweets and 0 verified tweets
{'author_id': '1560181640', 'created_at': '2021-03-06T10:13:50.000Z', 'id': '1368142771534594049', 'text': 'Price data of #Bitcoin #BTC pairs on #btcturkpro\n\nTrade Bitcoin and cryptocurrencies professionally on BtcTurk | PRO website and mobile appüëá\n\nüì≤ iOS: https://t.co/vSqmH7yjnd\nüì≤ Android: https://t.co/pGUt8Seguf\nüíª Web: https://t.co/iKyEvf0cpI https://t.co/zXyaje6iXm'}
{'author_id': '1560181640', 'created_at': '2021-03-06T10:13:49.000Z', 'id': '1368142766719569921', 'text': 'Price data of #Tether #USDT pairs on #btcturkpro\n\nTrade #Bitcoin and cryptocurrencies professionally on BtcTurk | PRO website and mobile appüëá\n\nüì≤ iOS: https://t.co/vSqmH7yjnd\nüì≤ Android: https://t.co/pGUt8Seguf\nüíª Web: https://t.co/AdB42psCLz https://t.co/OSO33Q8r7y'}
{'id': '1368142776475475968', 'created_at': '2021-03-06T10:13:51.000Z', 'text': 'Price data of Turkish Lira pairs on #btcturkpro\n\nTrade #Bitcoin and cryptocurrencies professionally on BtcTurk | PRO website and mobile appüëá\n\nüì≤ iOS: https://t.co/vSqmH7yjnd\nüì≤ Android: https://t.co/pGUt8Seguf\nüíª Web: https://t.co/fAUfWZlXZJ https://t.co/ZBMUzM8HUE', 'author_id': '1560181640'}
Added 9 normal tweets and 1 verified tweets
Added 10 normal tweets and 0 verified tweets
Added 10 normal tweets and 0 verified tweets
{'id': '1368143545295663106', 'author_id': '266517562', 'created_at': '2021-03-06T10:16:54.000Z', 'text': 'RT @fls_news: Neben #Bitcoin gibt es noch eine weitere #Krypto-Technologie, die zum Gamechanger f√ºr das Finanzsystem werden k√∂nnte: #Ethere‚Ä¶'}
Added 9 normal tweets and 1 verified tweets
Added 10 normal tweets and 0 verified tweets
Added 10 normal tweets and 0 verified tweets
Traceback (most recent call last):
  File "/Users/Ian/Documents/GitHub/Machine_Learning/tweet_analysis/add_tweets.py", line 1, in <module>
    from Causality_analysis import get_tweets, verify_tweets, preprocess_tweet
  File "/Users/Ian/Documents/GitHub/Machine_Learning/tweet_analysis/Causality_analysis.py", line 52, in <module>
    verified = verify_tweets(tweets)
  File "/Users/Ian/Documents/GitHub/Machine_Learning/tweet_analysis/Causality_analysis.py", line 37, in verify_tweets
    verified = r.json()['data'][0]['verified']
  File "/Users/Ian/Library/Python/3.8/lib/python/site-packages/requests/models.py", line 897, in json
    return complexjson.loads(self.text, **kwargs)
  File "/Library/Frameworks/Python.framework/Versions/3.8/lib/python3.8/json/__init__.py", line 357, in loads
    return _default_decoder.decode(s)
  File "/Library/Frameworks/Python.framework/Versions/3.8/lib/python3.8/json/decoder.py", line 337, in decode
    obj, end = self.raw_decode(s, idx=_w(s, 0).end())
  File "/Library/Frameworks/Python.framework/Versions/3.8/lib/python3.8/json/decoder.py", line 355, in raw_decode
    raise JSONDecodeError("Expecting value", s, err.value) from None
json.decoder.JSONDecodeError: Expecting value: line 1 column 1 (char 0)
Added 10 normal tweets and 0 verified tweets
Added 10 normal tweets and 0 verified tweets
Added 10 normal tweets and 0 verified tweets
Added 10 normal tweets and 0 verified tweets
Added 10 normal tweets and 0 verified tweets
Added 10 normal tweets and 0 verified tweets
Added 10 normal tweets and 0 verified tweets
Added 10 normal tweets and 0 verified tweets
Added 10 normal tweets and 0 verified tweets
{'created_at': '2021-03-06T10:29:49.000Z', 'author_id': '82943239', 'text': 'Bitcoin piyasasƒ±ndaki geli≈ümeler bilgisayar tamiri yapan esnafƒ± da etkiledi. https://t.co/cBL6Hup1rC', 'id': '1368146796560723969'}
{'id': '1368146796560723969', 'created_at': '2021-03-06T10:29:49.000Z', 'text': 'Bitcoin piyasasƒ±ndaki geli≈ümeler bilgisayar tamiri yapan esnafƒ± da etkiledi. https://t.co/cBL6Hup1rC', 'author_id': '82943239'}
Added 9 normal tweets and 1 verified tweets
Added 10 normal tweets and 0 verified tweets
{'text': "Bilgisayar tamircileri isyan etti: 'Bitcoin y√ºz√ºnden ekran kartƒ± bulamƒ±yoruz'\n\nhttps://t.co/TUSTaKrtPf https://t.co/v1Mzl7MJlY", 'created_at': '2021-03-06T10:31:49.000Z', 'author_id': '238640148', 'id': '1368147299415769089'}
{'created_at': '2021-03-06T10:31:49.000Z', 'id': '1368147299415769089', 'author_id': '238640148', 'text': "Bilgisayar tamircileri isyan etti: 'Bitcoin y√ºz√ºnden ekran kartƒ± bulamƒ±yoruz'\n\nhttps://t.co/TUSTaKrtPf https://t.co/v1Mzl7MJlY"}
Added 9 normal tweets and 1 verified tweets
Added 10 normal tweets and 0 verified tweets
Added 10 normal tweets and 0 verified tweets
Added 10 normal tweets and 0 verified tweets
Added 10 normal tweets and 0 verified tweets
Traceback (most recent call last):
  File "/Users/Ian/Documents/GitHub/Machine_Learning/tweet_analysis/add_tweets.py", line 6, in <module>
    nlp = spacy.load("/path/to/pipeline")
  File "/Library/Frameworks/Python.framework/Versions/3.8/lib/python3.8/site-packages/spacy/__init__.py", line 47, in load
    return util.load_model(name, disable=disable, exclude=exclude, config=config)
  File "/Library/Frameworks/Python.framework/Versions/3.8/lib/python3.8/site-packages/spacy/util.py", line 329, in load_model
    raise IOError(Errors.E050.format(name=name))
OSError: [E050] Can't find model '/path/to/pipeline'. It doesn't seem to be a Python package or a valid path to a data directory.
Traceback (most recent call last):
  File "/Users/Ian/Documents/GitHub/Machine_Learning/tweet_analysis/add_tweets.py", line 6, in <module>
    nlp = spacy.load("/path/to/pipeline")
  File "/Library/Frameworks/Python.framework/Versions/3.8/lib/python3.8/site-packages/spacy/__init__.py", line 47, in load
    return util.load_model(name, disable=disable, exclude=exclude, config=config)
  File "/Library/Frameworks/Python.framework/Versions/3.8/lib/python3.8/site-packages/spacy/util.py", line 329, in load_model
    raise IOError(Errors.E050.format(name=name))
OSError: [E050] Can't find model '/path/to/pipeline'. It doesn't seem to be a Python package or a valid path to a data directory.
Traceback (most recent call last):
  File "/Users/Ian/Documents/GitHub/Machine_Learning/tweet_analysis/add_tweets.py", line 6, in <module>
    nlp = spacy.load("model")
  File "/Library/Frameworks/Python.framework/Versions/3.8/lib/python3.8/site-packages/spacy/__init__.py", line 47, in load
    return util.load_model(name, disable=disable, exclude=exclude, config=config)
  File "/Library/Frameworks/Python.framework/Versions/3.8/lib/python3.8/site-packages/spacy/util.py", line 329, in load_model
    raise IOError(Errors.E050.format(name=name))
OSError: [E050] Can't find model 'model'. It doesn't seem to be a Python package or a valid path to a data directory.
Traceback (most recent call last):
  File "/Users/Ian/Documents/GitHub/Machine_Learning/tweet_analysis/add_tweets.py", line 6, in <module>
    nlp = spacy.load("model")
  File "/Library/Frameworks/Python.framework/Versions/3.8/lib/python3.8/site-packages/spacy/__init__.py", line 47, in load
    return util.load_model(name, disable=disable, exclude=exclude, config=config)
  File "/Library/Frameworks/Python.framework/Versions/3.8/lib/python3.8/site-packages/spacy/util.py", line 329, in load_model
    raise IOError(Errors.E050.format(name=name))
OSError: [E050] Can't find model 'model'. It doesn't seem to be a Python package or a valid path to a data directory.
Traceback (most recent call last):
  File "/Users/Ian/Documents/GitHub/Machine_Learning/tweet_analysis/add_tweets.py", line 6, in <module>
    nlp = spacy.load("model")
  File "/Library/Frameworks/Python.framework/Versions/3.8/lib/python3.8/site-packages/spacy/__init__.py", line 47, in load
    return util.load_model(name, disable=disable, exclude=exclude, config=config)
  File "/Library/Frameworks/Python.framework/Versions/3.8/lib/python3.8/site-packages/spacy/util.py", line 329, in load_model
    raise IOError(Errors.E050.format(name=name))
OSError: [E050] Can't find model 'model'. It doesn't seem to be a Python package or a valid path to a data directory.
Traceback (most recent call last):
  File "/Users/Ian/Documents/GitHub/Machine_Learning/tweet_analysis/add_tweets.py", line 6, in <module>
    nlp = spacy.load("model")
  File "/Library/Frameworks/Python.framework/Versions/3.8/lib/python3.8/site-packages/spacy/__init__.py", line 47, in load
    return util.load_model(name, disable=disable, exclude=exclude, config=config)
  File "/Library/Frameworks/Python.framework/Versions/3.8/lib/python3.8/site-packages/spacy/util.py", line 329, in load_model
    raise IOError(Errors.E050.format(name=name))
OSError: [E050] Can't find model 'model'. It doesn't seem to be a Python package or a valid path to a data directory.
Traceback (most recent call last):
  File "/Users/Ian/Documents/GitHub/Machine_Learning/tweet_analysis/add_tweets.py", line 6, in <module>
    nlp = spacy.load("model")
  File "/Library/Frameworks/Python.framework/Versions/3.8/lib/python3.8/site-packages/spacy/__init__.py", line 47, in load
    return util.load_model(name, disable=disable, exclude=exclude, config=config)
  File "/Library/Frameworks/Python.framework/Versions/3.8/lib/python3.8/site-packages/spacy/util.py", line 329, in load_model
    raise IOError(Errors.E050.format(name=name))
OSError: [E050] Can't find model 'model'. It doesn't seem to be a Python package or a valid path to a data directory.
Traceback (most recent call last):
  File "/Users/Ian/Documents/GitHub/Machine_Learning/tweet_analysis/add_tweets.py", line 6, in <module>
    nlp = spacy.load("model")
  File "/Library/Frameworks/Python.framework/Versions/3.8/lib/python3.8/site-packages/spacy/__init__.py", line 47, in load
    return util.load_model(name, disable=disable, exclude=exclude, config=config)
  File "/Library/Frameworks/Python.framework/Versions/3.8/lib/python3.8/site-packages/spacy/util.py", line 329, in load_model
    raise IOError(Errors.E050.format(name=name))
OSError: [E050] Can't find model 'model'. It doesn't seem to be a Python package or a valid path to a data directory.
Traceback (most recent call last):
  File "/Users/Ian/Documents/GitHub/Machine_Learning/tweet_analysis/add_tweets.py", line 6, in <module>
    nlp = spacy.load("model")
  File "/Library/Frameworks/Python.framework/Versions/3.8/lib/python3.8/site-packages/spacy/__init__.py", line 30, in load
    return util.load_model(name, **overrides)
  File "/Library/Frameworks/Python.framework/Versions/3.8/lib/python3.8/site-packages/spacy/util.py", line 175, in load_model
    raise IOError(Errors.E050.format(name=name))
OSError: [E050] Can't find model 'model'. It doesn't seem to be a shortcut link, a Python package or a valid path to a data directory.
Traceback (most recent call last):
  File "/Users/Ian/Documents/GitHub/Machine_Learning/tweet_analysis/add_tweets.py", line 6, in <module>
    nlp = spacy.load("model")
  File "/Library/Frameworks/Python.framework/Versions/3.8/lib/python3.8/site-packages/spacy/__init__.py", line 30, in load
    return util.load_model(name, **overrides)
  File "/Library/Frameworks/Python.framework/Versions/3.8/lib/python3.8/site-packages/spacy/util.py", line 175, in load_model
    raise IOError(Errors.E050.format(name=name))
OSError: [E050] Can't find model 'model'. It doesn't seem to be a shortcut link, a Python package or a valid path to a data directory.
Traceback (most recent call last):
  File "/Users/Ian/Documents/GitHub/Machine_Learning/tweet_analysis/add_tweets.py", line 6, in <module>
    nlp = spacy.load("model")
  File "/Library/Frameworks/Python.framework/Versions/3.8/lib/python3.8/site-packages/spacy/__init__.py", line 30, in load
    return util.load_model(name, **overrides)
  File "/Library/Frameworks/Python.framework/Versions/3.8/lib/python3.8/site-packages/spacy/util.py", line 175, in load_model
    raise IOError(Errors.E050.format(name=name))
OSError: [E050] Can't find model 'model'. It doesn't seem to be a shortcut link, a Python package or a valid path to a data directory.
Traceback (most recent call last):
  File "/Users/Ian/Documents/GitHub/Machine_Learning/tweet_analysis/add_tweets.py", line 6, in <module>
    nlp = spacy.load("model")
  File "/Library/Frameworks/Python.framework/Versions/3.8/lib/python3.8/site-packages/spacy/__init__.py", line 30, in load
    return util.load_model(name, **overrides)
  File "/Library/Frameworks/Python.framework/Versions/3.8/lib/python3.8/site-packages/spacy/util.py", line 175, in load_model
    raise IOError(Errors.E050.format(name=name))
OSError: [E050] Can't find model 'model'. It doesn't seem to be a shortcut link, a Python package or a valid path to a data directory.
Traceback (most recent call last):
  File "/Users/Ian/Documents/GitHub/Machine_Learning/tweet_analysis/add_tweets.py", line 17, in <module>
    verified, normal = verify_tweets(tweets)
  File "/Users/Ian/Documents/GitHub/Machine_Learning/tweet_analysis/Causality_analysis.py", line 37, in verify_tweets
    verified = r.json()['data'][0]['verified']
  File "/Users/Ian/Library/Python/3.8/lib/python/site-packages/requests/models.py", line 897, in json
    return complexjson.loads(self.text, **kwargs)
  File "/Library/Frameworks/Python.framework/Versions/3.8/lib/python3.8/json/__init__.py", line 357, in loads
    return _default_decoder.decode(s)
  File "/Library/Frameworks/Python.framework/Versions/3.8/lib/python3.8/json/decoder.py", line 337, in decode
    obj, end = self.raw_decode(s, idx=_w(s, 0).end())
  File "/Library/Frameworks/Python.framework/Versions/3.8/lib/python3.8/json/decoder.py", line 355, in raw_decode
    raise JSONDecodeError("Expecting value", s, err.value) from None
json.decoder.JSONDecodeError: Expecting value: line 1 column 1 (char 0)
Traceback (most recent call last):
  File "/Users/Ian/Documents/GitHub/Machine_Learning/tweet_analysis/add_tweets.py", line 1, in <module>
    from Causality_analysis import get_tweets, verify_tweets, preprocess_tweet
  File "/Users/Ian/Documents/GitHub/Machine_Learning/tweet_analysis/Causality_analysis.py", line 52, in <module>
    verified = verify_tweets(tweets)
  File "/Users/Ian/Documents/GitHub/Machine_Learning/tweet_analysis/Causality_analysis.py", line 37, in verify_tweets
    verified = r.json()['data'][0]['verified']
  File "/Users/Ian/Library/Python/3.8/lib/python/site-packages/requests/models.py", line 897, in json
    return complexjson.loads(self.text, **kwargs)
  File "/Library/Frameworks/Python.framework/Versions/3.8/lib/python3.8/json/__init__.py", line 357, in loads
    return _default_decoder.decode(s)
  File "/Library/Frameworks/Python.framework/Versions/3.8/lib/python3.8/json/decoder.py", line 337, in decode
    obj, end = self.raw_decode(s, idx=_w(s, 0).end())
  File "/Library/Frameworks/Python.framework/Versions/3.8/lib/python3.8/json/decoder.py", line 355, in raw_decode
    raise JSONDecodeError("Expecting value", s, err.value) from None
json.decoder.JSONDecodeError: Expecting value: line 1 column 1 (char 0)
Added 0 normal tweets and 0 verified tweets
/Users/Ian/Documents/GitHub/Machine_Learning/tweet_analysis/model
bad message:RT DrepOfficial Check out DREP 2 0 roadmap for 2021 2022 DREP is heading for DeFi NFT Layer2 With ready to go products li
bad message:RT MakemoneyTonzzz https t co bBmqzVwCUg TREASURE YouTuber money makemoney USA uk ios iPhone Bitcoin Crypto cryptocurrencie
bad message:RT expertoken Exper Token Airdrop Active Value 20 Referral 3 40 6 EXPER 3 minutes Talk with the telegram bot https t
bad message:RT MakemoneyTonzzz Carder forum https t co veG7F6jLDT cashapp CashApp Bitcoin money makemoney USDollar earthquake Trending
bad message:https t co Ql4WSFyuNa btc bitcoin cryptocurrency jpy
bad message:https t co zDNGC9dDHA btc bitcoin cryptocurrency jpy
bad message:https t co NDGn7L2921 btc bitcoin cryptocurrency jpy
bad message:RT MakemoneyTonzzz Carder forum https t co veG7F6jLDT cashapp money Transfers trading Crypto cryptocurrency bitcoin WhatsApp
Added 0 normal tweets and 0 verified tweets
/Users/Ian/Documents/GitHub/Machine_Learning/tweet_analysis/model
bad message:ChiliZ To Expand Operations Will Invest 50 Million in the US Read more https t co 5e2eUVSCx4 ChiliZ USA cryptocurrency cryptocurrencies CryptoNews CryptocurrencyNews BTCUSD Bitcoin https t co NnmMA1S9Kr
bad message:RT iamZatoshi BITCOIN SV GIVEAWAY 24 Hours 2 People 50 in BSV each Follow me Retweet Like Good Luck Z https
Added 0 normal tweets and 0 verified tweets
/Users/Ian/Documents/GitHub/Machine_Learning/tweet_analysis/model
bad message:RT BestFxreviews Best Online Trading Brokers in the International Market forex fx bitcoinnews Bitcoin BTC cryptocurrency Crypto C
bad message:RT DrepOfficial Check out DREP 2 0 roadmap for 2021 2022 DREP is heading for DeFi NFT Layer2 With ready to go products li
bad message:RT AirdropDet New Airdrop SFMONEY Total Reward 10 SFM 50 3 SFM 15 per referral Start the airdrop bot https t co Ar
Added 0 normal tweets and 0 verified tweets
/Users/Ian/Documents/GitHub/Machine_Learning/tweet_analysis/model
bad message:I just joined this 25k Crypto giveaway by JRNYcrypto and sparkpointio Get daily entries to increase your chances of winning 25 random winners of 1k each Bitcoin Crypto BTC ETH SRK https t co cjOKXvs3fK
bad message:RT TonySparkOG Check out my Cryptocurrency guides playlist on YouTube to get some great value for free Guides https t co sArKXBTFlx
bad message:RT iamZatoshi BITCOIN SV GIVEAWAY 24 Hours 2 People 50 in BSV each Follow me Retweet Like Good Luck Z https
bad message:For Free 0 05 bitcoin read on https t co 3RHspZU7q4
bad message:Join binance and get 10 commission kickback rate https t co em9sH6l9I5 BSC BTC Bitcoin BNB cryptocurrency https t co bPYzQKDcUf
Added 0 normal tweets and 0 verified tweets
bad message:banjarbase bitcoin
bad message:2 551 513 bitcoin SHORTED 47948 36 06 03 21 10 56 01 bybit BTCUSD See you later bitcoin hater sommonero
bad message:ETH 400 Profit Checkout the link in bio for crypto signals GXS bitcoin BRD CHZ STMX APPC 77276 https t co gcpRk49Hc7
bad message:4 239 113 bitcoin SHORTED 47995 36 06 03 21 10 56 01 bybit BTCUSD patience is a virtue only few got it innocentnerdy
bad message:RT RamonQuesadaT Aun no sebes lo que son los micropagos en BitCoin prep rate para lo que est llegando 0 0005 de comisi n de red
bad message:iamfarhaaaan Sign up and get your 10 new user bonus Chance to win crypto with regular airdrops and events Logged into the world s best crypto exchange https t co JPQC93w0Q1 bitcoin btc airdrop airdrops blockchain crypto cryptocurrency ethereum eth xrp
Added 4 normal tweets and 0 verified tweets
good message: RT BestForexLinks Top 10 Bitcoin Brokers https t co zXfsTJyGnj Top10BitcoinBrokers BestBitcoinBrokers
good message: la desgracia pubgkadeewana Elon Musk has been causing a lot of pain to Tesla s investors For how long Elon Musk will continue on inflicting pain to Tesla s investors Elon get rid of Bitcoin today And investors around the world will do the cheer up dance Jerusalem for you and Tesla
good message: RT Cryptobabushka michael saylor Dear Mr Saylor Captain of the Bitcoin ship Do look in to EDDA You definitely want to own some
good message: RT fintech germany Amazing Blocks can tokenize Any Asset Legally https t co RQgraqs27s blockchain bitcoin cryptocurrency crypto b
bad message:RT cem tamay 5 sene nce aras zbiliz yerine bitcoin alsayd k u an borcumuz s f rd
good message: Zionodes starts 2021 with a unique Crypto DeFi solution Bitcoin mining should be easy amp we understand this Users on our ASICs platform can now buy verified mining equipment in the form of a DeFi token Bitcoinmining revolutionized https t co 8hA28iOkJF https t co zlXaZvXTmi
good message: daishca LazyYetWavy TrumpetDan Elon Musk has been causing a lot of pain to Tesla s investors For how long Elon Musk will continue on inflicting pain to Tesla s investors Elon get rid of Bitcoin today And investors around the world will do the cheer up dance Jerusalem for you and Tesla
good message: vikriekyy MKBHD Elon Musk has been causing a lot of pain to Tesla s investors For how long Elon Musk will continue on inflicting pain to Tesla s investors Elon get rid of Bitcoin today And investors around the world will do the cheer up dance Jerusalem for you and Tesla
bad message:imBagsy Bitcoin
bad message:RT DrepOfficial Check out DREP 2 0 roadmap for 2021 2022 DREP is heading for DeFi NFT Layer2 With ready to go products li
Added 7 normal tweets and 0 verified tweets
bad message:I just joined this 25k Crypto giveaway by JRNYcrypto and sparkpointio Get daily entries to increase your chances of winning 25 random winners of 1k each Bitcoin Crypto BTC ETH SRK https t co eSfG1BTRR0
good message: RT BrookeWeider Who can help me with a little Bitcoin 1J9EL94TpvpygmqGYrpnVRf8ifBBgykAm8 Bitcoin BTC makemydayloves Iamd
good message: daishca realMeetKevin Elon Musk has been causing a lot of pain to Tesla s investors For how long Elon Musk will continue on inflicting pain to Tesla s investors Elon get rid of Bitcoin today And investors around the world will do the cheer up dance Jerusalem for you and Tesla
bad message:Yanl l kla KYK Kredisi ile Bitcoin alsayd m ke ke https t co BatPvEFv3A
good message: RT jsblokland Is bitcoin digital gold https t co quDunUqnhR
good message: RT NicolasDorier Via our lightning store at dglab official you can now participate to the crowdfund of the Precursor made by the great
good message: RT AllisonReichel Happy Friday This week I wanted to highlight a company that is revolutionizing the finance space and allowing users t
bad message:RT bmurphypointman linkedin twitter facebook instagram bitcoin socialmedia pinterest medium reddit gift gifts giftideas shop
good message: Atiller pokehun TheMoonCarl cz binance Elon Musk has been causing a lot of pain to Tesla s investors For how long Elon Musk will continue on inflicting pain to Tesla s investors Elon get rid of Bitcoin today And investors around the world will do the cheer up dance Jerusalem for you and Tesla
bad message:RT bmurphypointman birthdaygift linkedin twitter facebook instagram tiktok socialmedia pinterest medium deal gift gifts gift
Added 6 normal tweets and 0 verified tweets
good message: ShawnMElliott3 its menieb Elon Musk has been causing a lot of pain to Tesla s investors For how long Elon Musk will continue on inflicting pain to Tesla s investors Elon get rid of Bitcoin today And investors around the world will do the cheer up dance Jerusalem for you and Tesla
good message: RT CedYoungelman Bitcoin is everything people don t know about computers combined with everything they don t know about money kia
good message: RT Cryptobabushka michael saylor Dear Mr Saylor Captain of the Bitcoin ship Do look in to EDDA You definitely want to own some
bad message:RT 931TANoS I have a Dreams TACOSWAP1 15 Project Defi yousuck2020 benmendy23 TACOSWAP1 elonmusk crd DeFi Bitcoin Ethereum CR
bad message:RT latokens LATOKEN zilliqa Giveaway 3 lucky winners to get 750 ZIL each Participant with most referrals gets assured 750 ZIL D
good message: RT Cryptobabushka michael saylor Dear Mr Saylor Captain of the Bitcoin ship Do look in to EDDA You definitely want to own some
bad message:I just joined this 25k Crypto giveaway by JRNYcrypto and sparkpointio Get daily entries to increase your chances of winning 25 random winners of 1k each Bitcoin Crypto BTC ETH SRK https t co Y0ZhbzsKeQ
bad message:RT DrepOfficial Check out DREP 2 0 roadmap for 2021 2022 DREP is heading for DeFi NFT Layer2 With ready to go products li
good message: RT RyanMil51605926 Institutions that have traditionally used gold to hedge against inflation have been increasingly snapping up Bitcoin
bad message:RT JRNYcrypto THE CRYPTO GIVEAWAY CONTEST IS NOW LIVE 25K IN CRYPTO PRIZES Prizes 10 winners of 1000 of ETH 15 winners
Added 5 normal tweets and 0 verified tweets
bad message:Precio actual del Bitcoin Ethereum y Ripple 1 USD 21 21 MXN 1 BTC 1 031 500 00 MXN 1 ETH 33 689 37 MXN 1 XRP 9 90 MXN 1 LTC 3 874 63 MXN 1 BCH 10 690 00 MXN Compra y Vende Bitcoin Ethereum y Ripple desde aqu https t co EgcahDQQRb
bad message:For more information log on to https t co R1kcqQc6iy https t co AnLrUEDNjO Tron TronNetwork Trx DeFi bitcoin etherium troncryptocurrency troncore bitcoinnews bitcoinmining bitcointrading bitcoinprice cryptocurrency forex blockchaintechnology blockchain https t co tQk1Q9AVcp
bad message:1 BTC 48 093 90 USD 2 20 chg 24h Bitcoin BTC Crypto Cryptocurrency
good message: RT Cryptobabushka 100trillionUSD PlanB Have you looked at EDDA The buzzword is with only 5000 token supply forever EDDA will be 2
bad message:03 06 20 00 Bitcoin 5 193 910 NEM XEM 75 6946 Monacoin 205 1 Ethereum 168 825 Zaif 0 4909
bad message:Un analista le dice a Tesla que se deshaga de Bitcoin para hacer recompras de sus acciones https t co EllHnEh2U7
good message: On 6 Mar 2016 alexberegszaszi writes smart contract to secure Ethereum wallets with Bitcoin keys Ethereum makes drones fly from 10 6 to 11 4 or 0 02649 to 0 02793 https t co KF9xEoZOJa
good message: aiyinghua AshikSarkarLeon realMeetKevin Elon Musk has been causing a lot of pain to Tesla s investors For how long Elon Musk will continue on inflicting pain to Tesla s investors Elon get rid of Bitcoin today And investors around the world will do the cheer up dance Jerusalem for you and Tesla
bad message:48032 67 40385 59 327391 18 34772 73 bitcoinprice cryptocurrency bitcoin
good message: Average Bitcoin market price is USD 48 076 38 EUR 40 431 95
Added 4 normal tweets and 0 verified tweets
Traceback (most recent call last):
  File "/Users/Ian/Documents/GitHub/Machine_Learning/tweet_analysis/add_tweets.py", line 20, in <module>
    verified, normal = verify_tweets(tweets)
  File "/Users/Ian/Documents/GitHub/Machine_Learning/tweet_analysis/Causality_analysis.py", line 37, in verify_tweets
    verified = r.json()['data'][0]['verified']
  File "/Users/Ian/Library/Python/3.8/lib/python/site-packages/requests/models.py", line 897, in json
    return complexjson.loads(self.text, **kwargs)
  File "/Library/Frameworks/Python.framework/Versions/3.8/lib/python3.8/json/__init__.py", line 357, in loads
    return _default_decoder.decode(s)
  File "/Library/Frameworks/Python.framework/Versions/3.8/lib/python3.8/json/decoder.py", line 337, in decode
    obj, end = self.raw_decode(s, idx=_w(s, 0).end())
  File "/Library/Frameworks/Python.framework/Versions/3.8/lib/python3.8/json/decoder.py", line 355, in raw_decode
    raise JSONDecodeError("Expecting value", s, err.value) from None
json.decoder.JSONDecodeError: Expecting value: line 1 column 1 (char 0)
Traceback (most recent call last):
  File "/Users/Ian/Documents/GitHub/Machine_Learning/tweet_analysis/add_tweets.py", line 1, in <module>
    from Causality_analysis import get_tweets, verify_tweets, preprocess_tweet
  File "/Users/Ian/Documents/GitHub/Machine_Learning/tweet_analysis/Causality_analysis.py", line 52, in <module>
    verified = verify_tweets(tweets)
  File "/Users/Ian/Documents/GitHub/Machine_Learning/tweet_analysis/Causality_analysis.py", line 37, in verify_tweets
    verified = r.json()['data'][0]['verified']
  File "/Users/Ian/Library/Python/3.8/lib/python/site-packages/requests/models.py", line 897, in json
    return complexjson.loads(self.text, **kwargs)
  File "/Library/Frameworks/Python.framework/Versions/3.8/lib/python3.8/json/__init__.py", line 357, in loads
    return _default_decoder.decode(s)
  File "/Library/Frameworks/Python.framework/Versions/3.8/lib/python3.8/json/decoder.py", line 337, in decode
    obj, end = self.raw_decode(s, idx=_w(s, 0).end())
  File "/Library/Frameworks/Python.framework/Versions/3.8/lib/python3.8/json/decoder.py", line 355, in raw_decode
    raise JSONDecodeError("Expecting value", s, err.value) from None
json.decoder.JSONDecodeError: Expecting value: line 1 column 1 (char 0)
Traceback (most recent call last):
  File "/Users/Ian/Documents/GitHub/Machine_Learning/tweet_analysis/add_tweets.py", line 1, in <module>
    from Causality_analysis import get_tweets, verify_tweets, preprocess_tweet
  File "/Users/Ian/Documents/GitHub/Machine_Learning/tweet_analysis/Causality_analysis.py", line 52, in <module>
    verified = verify_tweets(tweets)
  File "/Users/Ian/Documents/GitHub/Machine_Learning/tweet_analysis/Causality_analysis.py", line 37, in verify_tweets
    verified = r.json()['data'][0]['verified']
  File "/Users/Ian/Library/Python/3.8/lib/python/site-packages/requests/models.py", line 897, in json
    return complexjson.loads(self.text, **kwargs)
  File "/Library/Frameworks/Python.framework/Versions/3.8/lib/python3.8/json/__init__.py", line 357, in loads
    return _default_decoder.decode(s)
  File "/Library/Frameworks/Python.framework/Versions/3.8/lib/python3.8/json/decoder.py", line 337, in decode
    obj, end = self.raw_decode(s, idx=_w(s, 0).end())
  File "/Library/Frameworks/Python.framework/Versions/3.8/lib/python3.8/json/decoder.py", line 355, in raw_decode
    raise JSONDecodeError("Expecting value", s, err.value) from None
json.decoder.JSONDecodeError: Expecting value: line 1 column 1 (char 0)
Traceback (most recent call last):
  File "/Users/Ian/Documents/GitHub/Machine_Learning/tweet_analysis/add_tweets.py", line 1, in <module>
    from Causality_analysis import get_tweets, verify_tweets, preprocess_tweet
  File "/Users/Ian/Documents/GitHub/Machine_Learning/tweet_analysis/Causality_analysis.py", line 52, in <module>
    verified = verify_tweets(tweets)
  File "/Users/Ian/Documents/GitHub/Machine_Learning/tweet_analysis/Causality_analysis.py", line 37, in verify_tweets
    verified = r.json()['data'][0]['verified']
  File "/Users/Ian/Library/Python/3.8/lib/python/site-packages/requests/models.py", line 897, in json
    return complexjson.loads(self.text, **kwargs)
  File "/Library/Frameworks/Python.framework/Versions/3.8/lib/python3.8/json/__init__.py", line 357, in loads
    return _default_decoder.decode(s)
  File "/Library/Frameworks/Python.framework/Versions/3.8/lib/python3.8/json/decoder.py", line 337, in decode
    obj, end = self.raw_decode(s, idx=_w(s, 0).end())
  File "/Library/Frameworks/Python.framework/Versions/3.8/lib/python3.8/json/decoder.py", line 355, in raw_decode
    raise JSONDecodeError("Expecting value", s, err.value) from None
json.decoder.JSONDecodeError: Expecting value: line 1 column 1 (char 0)
Traceback (most recent call last):
  File "/Users/Ian/Documents/GitHub/Machine_Learning/tweet_analysis/add_tweets.py", line 1, in <module>
    from Causality_analysis import get_tweets, verify_tweets, preprocess_tweet
  File "/Users/Ian/Documents/GitHub/Machine_Learning/tweet_analysis/Causality_analysis.py", line 52, in <module>
    verified = verify_tweets(tweets)
  File "/Users/Ian/Documents/GitHub/Machine_Learning/tweet_analysis/Causality_analysis.py", line 37, in verify_tweets
    verified = r.json()['data'][0]['verified']
  File "/Users/Ian/Library/Python/3.8/lib/python/site-packages/requests/models.py", line 897, in json
    return complexjson.loads(self.text, **kwargs)
  File "/Library/Frameworks/Python.framework/Versions/3.8/lib/python3.8/json/__init__.py", line 357, in loads
    return _default_decoder.decode(s)
  File "/Library/Frameworks/Python.framework/Versions/3.8/lib/python3.8/json/decoder.py", line 337, in decode
    obj, end = self.raw_decode(s, idx=_w(s, 0).end())
  File "/Library/Frameworks/Python.framework/Versions/3.8/lib/python3.8/json/decoder.py", line 355, in raw_decode
    raise JSONDecodeError("Expecting value", s, err.value) from None
json.decoder.JSONDecodeError: Expecting value: line 1 column 1 (char 0)
bad message:RT DrepOfficial Check out DREP 2 0 roadmap for 2021 2022 DREP is heading for DeFi NFT Layer2 With ready to go products li
bad message:What do u want cryptocurrency Bitcoin BTC https t co jqt8yLv7pS
bad message:RT Money earn Fi KYFI Airdrop 1 KYFI 300 USD For Completing the tasks Get 0 1 KYFI 30 For Each Valid Refer Get 0 05 KYFI
bad message:lancelotspram Duck2Lightning No refund you paid with bitcoin
Added 6 normal tweets and 0 verified tweets
bad message:Armstrong milmillonario por la gracia del bitcoin https t co W8jJ4UnWDF v a el pais
bad message:Daily Airdrops by staking Bitcoin Plus XBC https t co tP7Ekh0wjC
bad message:1 BTC USD 1566 82 ARS 21 47 MXN 1035469 11 Argentina Bitcoin
bad message:RayWin06 Ben bitcoin altcoin i ine hi el atmadim Banka d i lem oldu u g ven vermiyor Ama kardesimde var Olursa onun i in takip ederim Ge en yotube da ilk derste dolar analizi yapm oldunuz Dolar ve alt n belki listenize ekleyebilirsiniz Yani olursa g zel olur
bad message:RT iamZatoshi BITCOIN SV GIVEAWAY 24 Hours 2 People 50 in BSV each Follow me Retweet Like Good Luck Z https
bad message:RT bmurphypointman tumblr twitter facebook discount instagram tiktok socialmedia pinterest reddit deal gift gifts giftideas
bad message:MissionFailed19 Sign up and get your 10 new user bonus Chance to win crypto with regular airdrops and events Logged into the world s best crypto exchange https t co JPQC93w0Q1 bitcoin btc airdrop airdrops blockchain crypto cryptocurrency ethereum eth xrp
Added 3 normal tweets and 0 verified tweets
bad message:RT PinelixSwap Pinelix Swap Airdrop Bot is live https t co RNFYfGwtOq PNL Bsc Binance Bitcoin DeFi Definews StaFi
bad message:RT iamZatoshi BITCOIN SV GIVEAWAY 24 Hours 2 People 50 in BSV each Follow me Retweet Like Good Luck Z https
bad message:RT spexchange NEW PROMOTION DEMO TRADE EARN REAL BITCOIN BONUS UP TO 0 61BTC 25 000 spexchange spwallet spcoin https t
bad message:Shaimaa45586869 Sign up and get your 10 new user bonus Chance to win crypto with regular airdrops and events Logged into the world s best crypto exchange https t co JPQC93w0Q1 bitcoin btc airdrop airdrops blockchain crypto cryptocurrency ethereum eth xrp
Added 6 normal tweets and 0 verified tweets
bad message:RT Bloctrends En la gr fica podemos observar como el ciclo de halving actual apenas comienza El potencial de crecimiento de este nuevo
bad message:Cajeros de bitcoin son cada vez m s usados para lavado de dinero seg n la DEA En un informe publicado esta semana la DEA asegura que los cajeros de bitcoin fueron la alternativa preferida por carteles de la droga durante 2020 Leer https t co CpRuKp91du V a CriptoNoticias https t co bMWWoOx1tq
bad message:No need to spend your own money to trade cryptocurrency Over 10K users won crypto rewards on latokens last week It s the best way to join the financial revolution Start by earning a share of 100K in CLIQ airdrop https t co me1m7Llq8T Bitcoin ETH Citi AON LATOKEN
bad message:En la gr fica podemos observar como el ciclo de halving actual apenas comienza El potencial de crecimiento de este nuevo ciclo viene adem s respaldado por una gran adopci n institucional y de minoristas a nivel mundial Bitcoin BTCUSD bullmarket https t co npeGGWYjFP
bad message:If you re considering cryptocurrency start with latokens Participate easily in airdrops amp giveaways on LATOKEN to earn free crypto Their app is pretty awesome too Start by participating in the ZIL giveaway https t co xsSoai7k0M dogecoin LatokenApp Bitcoin
Added 5 normal tweets and 0 verified tweets
bad message:RT latokens LATOKEN giftedhandsGHD Giveaway 4 lucky winners to get 50K GHD each Participant with most invites gets assured 50K GHD
bad message:Approach Cryptoknowmics For Live Cryptocurrency News Cryptoknowmics is the best platform for live cryptocurrency news You get updates on Bitcoin Ethereum Ripple Dash NEO Tezos and other popular cryptos livecryptocurrencynews https t co W01L4CqgLw https t co nMZ8Kb8Hov
Added 8 normal tweets and 0 verified tweets
bad message:RT NitroExOfficial Our first event is Airdrop Up to 50 000 NTX for each participant Let s click now to start winning https t co 0
bad message:RT latokens LATOKEN zilliqa Giveaway 3 lucky winners to get 750 ZIL each Participant with most referrals gets assured 750 ZIL D
bad message:Intertops Casino 50 Free Spins Sign Up Bonus and 200 250 March Bonus Coupons https t co P7abOoByaY Reliable Bitcoin Litecoin Crypto BitcoinCash or Fiat Casino est 1998 Canada Australia Welcome No UK No France https t co qD6GhfPbwr
Added 7 normal tweets and 0 verified tweets
Traceback (most recent call last):
  File "/Users/Ian/Documents/GitHub/Machine_Learning/tweet_analysis/add_tweets.py", line 1, in <module>
    from Causality_analysis import get_tweets, verify_tweets, preprocess_tweet
ModuleNotFoundError: No module named 'Causality_analysis'
/Library/Frameworks/Python.framework/Versions/3.8/bin/python3.8: can't open file '/Users/Ian/Documents/GitHub/Machine_Learning/tweet_analysis/add_tweets.py': [Errno 2] No such file or directory
/Library/Frameworks/Python.framework/Versions/3.8/bin/python3.8: can't open file '/Users/Ian/Documents/GitHub/Machine_Learning/tweet_analysis/add_tweets.py': [Errno 2] No such file or directory
